<?xml version="1.0" encoding="UTF-8"?>
<!-- Generated by org.testng.reporters.JUnitXMLReporter -->
<testsuite hostname="LAPTOP-2C0613A2" ignored="0" name="Command line test" tests="3" failures="0" timestamp="2022-03-24T15:09:08 IST" time="0.965" errors="0">
  <testcase name="@BeforeMethod setUp" time="0.912" classname="com.hrms.testCases.LoginPageTest">
    <failure type="java.lang.IllegalStateException" message="The path to the driver executable The path to the driver executable must be set by the webdriver.gecko.driver system property; for more information, see https://github.com/mozilla/geckodriver. The latest version can be downloaded from https://github.com/mozilla/geckodriver/releases">
      <![CDATA[java.lang.IllegalStateException: The path to the driver executable The path to the driver executable must be set by the webdriver.gecko.driver system property; for more information, see https://github.com/mozilla/geckodriver. The latest version can be downloaded from https://github.com/mozilla/geckodriver/releases
at org.openqa.selenium.internal.Require$StateChecker.nonNull(Require.java:311)
at org.openqa.selenium.remote.service.DriverService.findExecutable(DriverService.java:135)
at org.openqa.selenium.firefox.GeckoDriverService.access$100(GeckoDriverService.java:44)
at org.openqa.selenium.firefox.GeckoDriverService$Builder.findDefaultExecutable(GeckoDriverService.java:185)
at org.openqa.selenium.remote.service.DriverService$Builder.build(DriverService.java:437)
at org.openqa.selenium.firefox.FirefoxDriver.toExecutor(FirefoxDriver.java:176)
at org.openqa.selenium.firefox.FirefoxDriver.<init>(FirefoxDriver.java:125)
at org.openqa.selenium.firefox.FirefoxDriver.<init>(FirefoxDriver.java:106)
at com.hrms.base.Base.initializeDriver(Base.java:51)
at com.hrms.testCases.LoginPageTest.setUp(LoginPageTest.java:29)
at java.util.ArrayList.forEach(ArrayList.java:1259)
... Removed 40 stack frames]]>
    </failure>
  </testcase> <!-- @BeforeMethod setUp -->
  <testcase name="@BeforeMethod setUp" time="0.0" classname="com.hrms.testCases.LoginPageTest">
    <skipped/>
  </testcase> <!-- @BeforeMethod setUp -->
  <testcase name="@BeforeMethod setUp" time="0.0" classname="com.hrms.testCases.LoginPageTest">
    <skipped/>
  </testcase> <!-- @BeforeMethod setUp -->
  <testcase name="validateLoginTest" time="0.0" classname="com.hrms.testCases.LoginPageTest">
    <skipped/>
  </testcase> <!-- validateLoginTest -->
  <testcase name="validateLogoTest" time="0.0" classname="com.hrms.testCases.LoginPageTest">
    <skipped/>
  </testcase> <!-- validateLogoTest -->
  <testcase name="validateTitleTest" time="0.0" classname="com.hrms.testCases.LoginPageTest">
    <skipped/>
  </testcase> <!-- validateTitleTest -->
</testsuite> <!-- Command line test -->
