<?xml version="1.0" encoding="UTF-8"?>
<!-- Generated by org.testng.reporters.JUnitXMLReporter -->
<testsuite hostname="LAPTOP-2C0613A2" ignored="0" name="Command line test" tests="10" failures="0" timestamp="2022-04-24T15:20:06 IST" time="48.274" errors="0">
  <testcase name="@BeforeMethod setUp" time="10.476" classname="com.hrms.testCases.AdminPageTest">
    <failure type="org.openqa.selenium.WebDriverException" message="unknown error: cannot determine loading status
from disconnected: received Inspector.detached event
  (Session info: chrome=100.0.4896.127)
Build info: version: &amp;apos;4.1.2&amp;apos;, revision: &amp;apos;9a5a329c5a&amp;apos;
System info: host: &amp;apos;LAPTOP-2C0613A2&amp;apos;, ip: &amp;apos;192.168.244.59&amp;apos;, os.name: &amp;apos;Windows 10&amp;apos;, os.arch: &amp;apos;amd64&amp;apos;, os.version: &amp;apos;10.0&amp;apos;, java.version: &amp;apos;1.8.0_281&amp;apos;
Driver info: org.openqa.selenium.chrome.ChromeDriver
Command: [e5c14a246e7188e9762954dad3f0fece, get {url=http://127.0.0.1/orangehrm-2.6/login.php}]
Capabilities {acceptInsecureCerts: false, browserName: chrome, browserVersion: 100.0.4896.127, chrome: {chromedriverVersion: 100.0.4896.60 (6a5d10861ce8..., userDataDir: C:\Users\Asus\AppData\Local...}, goog:chromeOptions: {debuggerAddress: localhost:54657}, javascriptEnabled: true, networkConnectionEnabled: false, pageLoadStrategy: normal, platform: WINDOWS, platformName: WINDOWS, proxy: Proxy(), se:cdp: ws://localhost:54657/devtoo..., se:cdpVersion: 100.0.4896.127, setWindowRect: true, strictFileInteractability: false, timeouts: {implicit: 0, pageLoad: 300000, script: 30000}, unhandledPromptBehavior: dismiss and notify, webauthn:extension:credBlob: true, webauthn:extension:largeBlob: true, webauthn:virtualAuthenticators: true}
Session ID: e5c14a246e7188e9762954dad3f0fece">
      <![CDATA[org.openqa.selenium.WebDriverException: unknown error: cannot determine loading status
from disconnected: received Inspector.detached event
  (Session info: chrome=100.0.4896.127)
Build info: version: '4.1.2', revision: '9a5a329c5a'
System info: host: 'LAPTOP-2C0613A2', ip: '192.168.244.59', os.name: 'Windows 10', os.arch: 'amd64', os.version: '10.0', java.version: '1.8.0_281'
Driver info: org.openqa.selenium.chrome.ChromeDriver
Command: [e5c14a246e7188e9762954dad3f0fece, get {url=http://127.0.0.1/orangehrm-2.6/login.php}]
Capabilities {acceptInsecureCerts: false, browserName: chrome, browserVersion: 100.0.4896.127, chrome: {chromedriverVersion: 100.0.4896.60 (6a5d10861ce8..., userDataDir: C:\Users\Asus\AppData\Local...}, goog:chromeOptions: {debuggerAddress: localhost:54657}, javascriptEnabled: true, networkConnectionEnabled: false, pageLoadStrategy: normal, platform: WINDOWS, platformName: WINDOWS, proxy: Proxy(), se:cdp: ws://localhost:54657/devtoo..., se:cdpVersion: 100.0.4896.127, setWindowRect: true, strictFileInteractability: false, timeouts: {implicit: 0, pageLoad: 300000, script: 30000}, unhandledPromptBehavior: dismiss and notify, webauthn:extension:credBlob: true, webauthn:extension:largeBlob: true, webauthn:virtualAuthenticators: true}
Session ID: e5c14a246e7188e9762954dad3f0fece
at org.openqa.selenium.remote.codec.w3c.W3CHttpResponseCodec.createException(W3CHttpResponseCodec.java:200)
at org.openqa.selenium.remote.codec.w3c.W3CHttpResponseCodec.decode(W3CHttpResponseCodec.java:133)
at org.openqa.selenium.remote.codec.w3c.W3CHttpResponseCodec.decode(W3CHttpResponseCodec.java:53)
at org.openqa.selenium.remote.HttpCommandExecutor.execute(HttpCommandExecutor.java:184)
at org.openqa.selenium.remote.service.DriverCommandExecutor.invokeExecute(DriverCommandExecutor.java:167)
at org.openqa.selenium.remote.service.DriverCommandExecutor.execute(DriverCommandExecutor.java:142)
at org.openqa.selenium.remote.RemoteWebDriver.execute(RemoteWebDriver.java:558)
at org.openqa.selenium.remote.RemoteWebDriver.get(RemoteWebDriver.java:327)
at com.hrms.base.Base.initialization(Base.java:65)
at com.hrms.testCases.AdminPageTest.setUp(AdminPageTest.java:30)
at java.util.ArrayList.forEach(ArrayList.java:1259)
... Removed 45 stack frames]]>
    </failure>
  </testcase> <!-- @BeforeMethod setUp -->
  <testcase name="@AfterMethod tearDown" time="0.0" classname="com.hrms.testCases.AdminPageTest">
    <skipped/>
  </testcase> <!-- @AfterMethod tearDown -->
  <testcase name="@BeforeMethod setUp" time="0.0" classname="com.hrms.testCases.AdminPageTest">
    <skipped/>
  </testcase> <!-- @BeforeMethod setUp -->
  <testcase name="@AfterMethod tearDown" time="0.0" classname="com.hrms.testCases.AdminPageTest">
    <skipped/>
  </testcase> <!-- @AfterMethod tearDown -->
  <testcase name="@BeforeMethod setUp" time="0.0" classname="com.hrms.testCases.AdminPageTest">
    <skipped/>
  </testcase> <!-- @BeforeMethod setUp -->
  <testcase name="@AfterMethod tearDown" time="0.0" classname="com.hrms.testCases.AdminPageTest">
    <skipped/>
  </testcase> <!-- @AfterMethod tearDown -->
  <testcase name="@BeforeMethod setUp" time="0.0" classname="com.hrms.testCases.AdminPageTest">
    <skipped/>
  </testcase> <!-- @BeforeMethod setUp -->
  <testcase name="@AfterMethod tearDown" time="0.0" classname="com.hrms.testCases.AdminPageTest">
    <skipped/>
  </testcase> <!-- @AfterMethod tearDown -->
  <testcase name="@BeforeMethod setUp" time="0.0" classname="com.hrms.testCases.AdminPageTest">
    <skipped/>
  </testcase> <!-- @BeforeMethod setUp -->
  <testcase name="@AfterMethod tearDown" time="0.0" classname="com.hrms.testCases.AdminPageTest">
    <skipped/>
  </testcase> <!-- @AfterMethod tearDown -->
  <testcase name="verifyAddEmployeeTest" time="0.0" classname="com.hrms.testCases.AdminPageTest">
    <skipped/>
  </testcase> <!-- verifyAddEmployeeTest -->
  <testcase name="verifyAddEmployeeTest" time="0.0" classname="com.hrms.testCases.AdminPageTest">
    <skipped/>
  </testcase> <!-- verifyAddEmployeeTest -->
  <testcase name="verifyAddEmployeeTest" time="0.0" classname="com.hrms.testCases.AdminPageTest">
    <skipped/>
  </testcase> <!-- verifyAddEmployeeTest -->
  <testcase name="verifyAddEmployeeTest" time="0.0" classname="com.hrms.testCases.AdminPageTest">
    <skipped/>
  </testcase> <!-- verifyAddEmployeeTest -->
  <testcase name="verifyAdminPageLabelTest" time="0.0" classname="com.hrms.testCases.AdminPageTest">
    <skipped/>
  </testcase> <!-- verifyAdminPageLabelTest -->
  <testcase name="validateTitleTest" time="0.018" classname="com.hrms.testCases.HomePageTest"/>
  <testcase name="validateTitleTest" time="0.015" classname="com.hrms.testCases.LoginPageTest"/>
  <testcase name="validateLogoTest" time="0.151" classname="com.hrms.testCases.LoginPageTest"/>
  <testcase name="validateLoginLogoutTest" time="2.118" classname="com.hrms.testCases.LoginPageTest"/>
  <testcase name="verifyAddEmployee" time="8.299" classname="com.hrms.testCases.PIMPageTest"/>
</testsuite> <!-- Command line test -->
